c:\users\shilpi\source\repos\sdl_uno\sdl_uno\x64\debug\vc142.pdb
c:\users\shilpi\source\repos\sdl_uno\sdl_uno\x64\debug\vc142.idb
c:\users\shilpi\source\repos\sdl_uno\sdl_uno\x64\debug\ltexture.obj
c:\users\shilpi\source\repos\sdl_uno\sdl_uno\x64\debug\spritemanager.obj
c:\users\shilpi\source\repos\sdl_uno\sdl_uno\x64\debug\main.obj
c:\users\shilpi\source\repos\sdl_uno\sdl_uno\x64\debug\jsondata.obj
c:\users\shilpi\source\repos\sdl_uno\sdl_uno\x64\debug\card.obj
c:\users\shilpi\source\repos\sdl_uno\sdl_uno\x64\debug\carddeck.obj
c:\users\shilpi\source\repos\sdl_uno\sdl_uno\x64\debug\cardmanager.obj
c:\users\shilpi\source\repos\sdl_uno\x64\debug\sdl_uno.exe
c:\users\shilpi\source\repos\sdl_uno\sdl_uno\x64\debug\sdl_uno.ilk
c:\users\shilpi\source\repos\sdl_uno\x64\debug\sdl_uno.pdb
c:\users\shilpi\source\repos\sdl_uno\sdl_uno\x64\debug\sdl_uno.res
c:\users\shilpi\source\repos\sdl_uno\sdl_uno\x64\debug\cardui.obj
c:\users\shilpi\source\repos\sdl_uno\sdl_uno\x64\debug\sheetdata.obj
c:\users\shilpi\source\repos\sdl_uno\sdl_uno\x64\debug\spritesheetmanager.obj
c:\users\shilpi\source\repos\sdl_uno\sdl_uno\x64\debug\sdl_uno.tlog\cl.command.1.tlog
c:\users\shilpi\source\repos\sdl_uno\sdl_uno\x64\debug\sdl_uno.tlog\cl.read.1.tlog
c:\users\shilpi\source\repos\sdl_uno\sdl_uno\x64\debug\sdl_uno.tlog\cl.write.1.tlog
c:\users\shilpi\source\repos\sdl_uno\sdl_uno\x64\debug\sdl_uno.tlog\link.command.1.tlog
c:\users\shilpi\source\repos\sdl_uno\sdl_uno\x64\debug\sdl_uno.tlog\link.read.1.tlog
c:\users\shilpi\source\repos\sdl_uno\sdl_uno\x64\debug\sdl_uno.tlog\link.write.1.tlog
c:\users\shilpi\source\repos\sdl_uno\sdl_uno\x64\debug\sdl_uno.tlog\rc.command.1.tlog
c:\users\shilpi\source\repos\sdl_uno\sdl_uno\x64\debug\sdl_uno.tlog\rc.read.1.tlog
c:\users\shilpi\source\repos\sdl_uno\sdl_uno\x64\debug\sdl_uno.tlog\rc.write.1.tlog
